[903426][1738604383567][main][info]["Booting Postman 11.28.4, linux-6.12.10-arch1-1 on x64"]
[903426][1738604383569][main][info]["EventBus~initialize - Success"]
[903426][1738604383570][main][info]["Proxy configuration has not been setup"]
[903426][1738604383570][main][info]["CloudProxyManager~init - Success"]
[903426][1738604383603][main][info]["performShellDataMigration: Starting shell data migration"]
[903426][1738604383603][main][info]["migrateShellData:Starting"]
[903426][1738604383605][main][info]["migrateShellData: Old storage cleaned up"]
[903426][1738604385629][main][info]["migrateShellData: Got data from shell. Writing to storage"]
[903426][1738604385633][main][info]["performShellDataMigration: Migration successful on try count 1"]
[903426][1738604385637][main][error]["Main~booting: Failed",{"code":"MODULE_NOT_FOUND","requireStack":["/opt/postman/app/resources/app/node_modules/@postman-app/app-updater/src/autoUpdater/LinuxAutoUpdater.js","/opt/postman/app/resources/app/node_modules/@postman-app/app-updater/src/index.js","/opt/postman/app/resources/app/services/UpdaterHandler.js","/opt/postman/app/resources/app/main.js",null],"name":"Error","message":"Cannot find module '@postman/hermes'\nRequire stack:\n- /opt/postman/app/resources/app/node_modules/@postman-app/app-updater/src/autoUpdater/LinuxAutoUpdater.js\n- /opt/postman/app/resources/app/node_modules/@postman-app/app-updater/src/index.js\n- /opt/postman/app/resources/app/services/UpdaterHandler.js\n- /opt/postman/app/resources/app/main.js\n- ","stack":"Error: Cannot find module '@postman/hermes'\nRequire stack:\n- /opt/postman/app/resources/app/node_modules/@postman-app/app-updater/src/autoUpdater/LinuxAutoUpdater.js\n- /opt/postman/app/resources/app/node_modules/@postman-app/app-updater/src/index.js\n- /opt/postman/app/resources/app/services/UpdaterHandler.js\n- /opt/postman/app/resources/app/main.js\n- \n    at Module._resolveFilename (node:internal/modules/cjs/loader:1152:15)\n    at s._resolveFilename (node:electron/js2c/browser_init:2:121381)\n    at Module._load (node:internal/modules/cjs/loader:993:27)\n    at c._load (node:electron/js2c/node_init:2:17025)\n    at Module.require (node:internal/modules/cjs/loader:1240:19)\n    at require (node:internal/modules/helpers:179:18)\n    at Object.<anonymous> (/opt/postman/app/resources/app/node_modules/@postman-app/app-updater/src/autoUpdater/LinuxAutoUpdater.js:1:16)\n    at Module._compile (node:internal/modules/cjs/loader:1373:14)\n    at Module._extensions..js (node:internal/modules/cjs/loader:1432:10)\n    at Module.load (node:internal/modules/cjs/loader:1215:32)"}]
[903426][1738604385639][main][info]["LeaderSelection: Initialized successfully"]
[903426][1738604385640][main][info]["VersionDependencyService: Initialized successfully"]
[903426][1738604385649][main][info]["GPU detected VID 4318 DID 9708 ACTIVE true"]
[903426][1738604385649][main][info]["GPU detected VID 32902 DID 42891 ACTIVE false"]
[903426][1738604385650][main][info]["shellController~init: Success"]
[903426][1738604385650][main][info]["shellMeta~init: Success"]
[903426][1738604385650][main][info]["partitionMigrationService: State of V7 partition:"]
[903426][1738604385651][main][info]["partitionMigrationService: V7 partitions",[]]
[903426][1738604385651][main][info]["partitionMigrationService~rectifyNamespaceOfScratchPadPartition: There is no partition with scratchpad namespace"]
[903426][1738604385651][main][info]["partitionMigrationService~rectifyNamespaceOfScratchPadPartition: There is no transit partition which could have been used for scratchpad"]
[903426][1738604385651][main][info]["partitionMigrationService~init: Success"]
[903426][1738604385651][main][info]["partitionMigrationService~runV8PartitionsIntegrity: Two way migration~ removing the following partitions from v8",[]]
[903426][1738604385651][main][info]["userPartitionService~_rectifyTheActivePartitionOfApplication: Setting the active partition to ",null]
[903426][1738604385662][main][info]["Generated root certificate for linux"]
[903426][1738604385678][main][info]["newAccountRegionPreferenceService~getPreferenceWithFallback - Preference not found in storage."]
[903426][1738604385679][main][info]["newAccountRegionPreferenceService~getToggleMenuTemplate - Using preference:","useUSRegion"]
[903426][1738604385687][main][info]["userPartitionService~init: Success"]
[903426][1738604385697][main][info]["userPartitionService: State of v8 partition system:"]
[903426][1738604385697][main][info]["shell~init~getPartitionToLoad: loading scratchpad partition"]
[903426][1738604385697][main][info]["userPartitionService: List of partitions:",[]]
[903426][1738604385697][main][info]["userPartitionService: users global meta:",{}]
[903426][1738604385705][main][info]["Main:windowManager~newRequesterWindow: Fetch and update runtime config: undefined"]
[903426][1738604385835][main][info]["proxyCertificateService~ensureRootCAPresence: Deleting and creating new certificates"]
[903426][1738604387504][main][info]["RuntimeIPCAgent~started: Success"]
[903426][1738604387516][main][info]["Main~scratchpadThemeAction:: action: set, value: dark"]
[903426][1738604387518][main][info]["Main~scratchpadThemeAction:: action: set, value: dark"]
[903426][1738604387529][main][info]["Main~scratchpadThemeAction:: action: set, value: dark"]
[903426][1738604387540][main][info]["windowManager: First requester booted successfully."]
[903426][1738604387540][main][info]["windowManager~restoreWindows: Restoring requester windows"]
[903426][1738604387540][main][info]["Main~AppEvents - Received booted event for process requester.Version undefined UI Version: undefined Desktop Platform Version: 11.28.4"]
[903426][1738604389842][main][info]["VersionDependencyService: Resetting UI version as user logged out/switched account"]
[903426][1738604389842][main][info]["Main - model-events~user - (users, add) received"]
[903426][1738604390137][main][info]["AuthHandler~open: Received dom-ready event."]
[903426][1738604390138][main][info]["AuthHandler~open: Received did-finish-load event."]
[903426][1738604390335][main][warn]["AuthHandler~open: Current app is not default protocol client - Falling back to polling mechanism."]
[903426][1738604390339][main][info]["newAccountRegionPreferenceService~getPreferenceWithFallback - Preference not found in storage."]
[903426][1738604390339][main][info]["newAccountRegionPreferenceService~getRegionPreference - Using preference:","useUSRegion"]
[903426][1738604390340][main][info]["AuthHandler~open: new Account region preference:","us"]
[903426][1738604390340][main][info]["AuthHandler~open: get multiLoginToken token."]
[903426][1738604390340][main][info]["AuthHandler~open: Publishing initialize event to auth-window channel."]
[903426][1738604417819][main][info]["Shell~init~loginUser: associating the user ","39623963"," with transit partition"]
[903426][1738604417820][main][info]["userPartitionService~getNewPartitionId: creating a partition with userId and teamId as 0"]
[903426][1738604417833][main][info]["userPartitionService~associateTransitPartition: ",{"partitionId":"092d2e2b-c18d-4f86-bb29-b78654ebcc0b","context":{"namespace":"users","userId":"39623963","teamId":"0","region":"us"}}]
[903426][1738604417842][main][info]["userPartitionService: State of v8 partition system:"]
[903426][1738604417843][main][info]["userPartitionService: List of partitions:",[{"partitionId":"092d2e2b-c18d-4f86-bb29-b78654ebcc0b","namespace":"users","userId":"39623963","teamId":"0","lastUpdated":"2025-02-03T17:40:17.833Z"},{"partitionId":"61671623-0cd1-4cf4-bfe8-a6faa7cf366d","namespace":"scratchPad","userId":0,"teamId":0,"isDirty":false}]]
[903426][1738604417843][main][info]["userPartitionService: users global meta:",{}]
[903426][1738604417845][main][info]["Main:windowManager~newRequesterWindow: Fetch and update runtime config: us"]
[903426][1738604425680][main][info]["Main~getRemoteInitPath:: "]
[903426][1738604425734][main][info]["Main - model-events~user - (user, update) received"]
[903426][1738604425735][main][info]["Main~reload: https://desktop.postman.com/?desktopVersion=11.28.4&userId=39623963&teamId=0&region=us"]
[903426][1738604425927][main][info]["INTERCEPTOR CONNECTIVITY: Connecting to Interceptor Bridge"]
[903426][1738604425934][main][info]["windowManager: First requester booted successfully."]
[903426][1738604425934][main][info]["windowManager~restoreWindows: Restoring requester windows"]
[903426][1738604425934][main][info]["Main~AppEvents - Received booted event for process requester.Version 11.29.4 UI Version: 11.29.4-ui-250122-2337 Desktop Platform Version: 11.28.4"]
[903426][1738604425991][main][info]["Main~getRemoteInitPath:: "]
[903426][1738604426922][main][info]["INTERCEPTOR CONNECTIVITY: Attempting to start websocket server on port 15611"]
[903426][1738604428502][main][info]["Main~getRemoteInitPath:: "]
[903426][1738604428568][main][info]["Main - model-events~user - (user, update) received"]
[903426][1738604428752][main][info]["Main~AppEvents - Received booted event for process requester.Version 11.29.4 UI Version: 11.29.4-ui-250122-2337 Desktop Platform Version: 11.28.4"]
[903426][1738604428781][main][info]["Main~getRemoteInitPath:: "]
[903426][1738604430988][main][info]["Main~getPlatformLaunchPerfMetrics"]
[903426][1738604433099][main][info]["Main - model-events~user - (user, bootstrapUser) received"]
[903426][1738604433099][main][info]["model-events~user - bootstrapUser received"]
[903426][1738604433100][main][info]["Main - model-events~user - (user, bootstrapUser) received"]
[903426][1738604433100][main][info]["model-events~user - bootstrapUser received"]
[903426][1738604474202][main][info]["WindowManager~closeHandler - Closed Window (id: 4 )"]
[903426][1738604474216][main][info]["Quitting app"]
[910716][1738604480423][main][info]["Booting Postman 11.28.4, linux-6.12.10-arch1-1 on x64"]
[910716][1738604480425][main][info]["EventBus~initialize - Success"]
[910716][1738604480426][main][info]["Proxy configuration has not been setup"]
[910716][1738604480426][main][info]["CloudProxyManager~init - Success"]
[910716][1738604480460][main][info]["performShellDataMigration: Migration has already been done. Bailing out"]
[910716][1738604480462][main][error]["Main~booting: Failed",{"code":"MODULE_NOT_FOUND","requireStack":["/opt/postman/app/resources/app/node_modules/@postman-app/app-updater/src/autoUpdater/LinuxAutoUpdater.js","/opt/postman/app/resources/app/node_modules/@postman-app/app-updater/src/index.js","/opt/postman/app/resources/app/services/UpdaterHandler.js","/opt/postman/app/resources/app/main.js",null],"name":"Error","message":"Cannot find module '@postman/hermes'\nRequire stack:\n- /opt/postman/app/resources/app/node_modules/@postman-app/app-updater/src/autoUpdater/LinuxAutoUpdater.js\n- /opt/postman/app/resources/app/node_modules/@postman-app/app-updater/src/index.js\n- /opt/postman/app/resources/app/services/UpdaterHandler.js\n- /opt/postman/app/resources/app/main.js\n- ","stack":"Error: Cannot find module '@postman/hermes'\nRequire stack:\n- /opt/postman/app/resources/app/node_modules/@postman-app/app-updater/src/autoUpdater/LinuxAutoUpdater.js\n- /opt/postman/app/resources/app/node_modules/@postman-app/app-updater/src/index.js\n- /opt/postman/app/resources/app/services/UpdaterHandler.js\n- /opt/postman/app/resources/app/main.js\n- \n    at Module._resolveFilename (node:internal/modules/cjs/loader:1152:15)\n    at s._resolveFilename (node:electron/js2c/browser_init:2:121381)\n    at Module._load (node:internal/modules/cjs/loader:993:27)\n    at c._load (node:electron/js2c/node_init:2:17025)\n    at Module.require (node:internal/modules/cjs/loader:1240:19)\n    at require (node:internal/modules/helpers:179:18)\n    at Object.<anonymous> (/opt/postman/app/resources/app/node_modules/@postman-app/app-updater/src/autoUpdater/LinuxAutoUpdater.js:1:16)\n    at Module._compile (node:internal/modules/cjs/loader:1373:14)\n    at Module._extensions..js (node:internal/modules/cjs/loader:1432:10)\n    at Module.load (node:internal/modules/cjs/loader:1215:32)"}]
[910716][1738604480463][main][info]["LeaderSelection: Initialized successfully"]
[910716][1738604480463][main][info]["VersionDependencyService: Initialized successfully"]
[910716][1738604482252][main][info]["GPU detected VID 4318 DID 9708 ACTIVE true"]
[910716][1738604482252][main][info]["GPU detected VID 32902 DID 42891 ACTIVE false"]
[910716][1738604482253][main][info]["shellController~init: Success"]
[910716][1738604482253][main][info]["shellMeta~init: Success"]
[910716][1738604482253][main][info]["partitionMigrationService: State of V7 partition:"]
[910716][1738604482253][main][info]["partitionMigrationService: V7 partitions",[]]
[910716][1738604482253][main][info]["partitionMigrationService~rectifyNamespaceOfScratchPadPartition: There is no partition with scratchpad namespace"]
[910716][1738604482254][main][info]["partitionMigrationService~rectifyNamespaceOfScratchPadPartition: There is no transit partition which could have been used for scratchpad"]
[910716][1738604482254][main][info]["partitionMigrationService~init: Success"]
[910716][1738604482254][main][info]["partitionMigrationService~runV8PartitionsIntegrity: Two way migration~ removing the following partitions from v8",[]]
[910716][1738604482254][main][info]["userPartitionService~getRecentV8UserPartition: recent v8 user context partition ","092d2e2b-c18d-4f86-bb29-b78654ebcc0b"]
[910716][1738604482254][main][info]["userPartitionService~_rectifyTheActivePartitionOfApplication: Setting the active partition to ","092d2e2b-c18d-4f86-bb29-b78654ebcc0b"]
[910716][1738604482260][main][info]["newAccountRegionPreferenceService~getPreferenceWithFallback - Preference not found in storage."]
[910716][1738604482260][main][info]["newAccountRegionPreferenceService~getToggleMenuTemplate - Using preference:","useUSRegion"]
[910716][1738604482266][main][info]["userPartitionService~init: Success"]
[910716][1738604482276][main][info]["userPartitionService: State of v8 partition system:"]
[910716][1738604482277][main][info]["shell~init~getPartitionToLoad: loading active partition"]
[910716][1738604482277][main][info]["userPartitionService: List of partitions:",[{"partitionId":"092d2e2b-c18d-4f86-bb29-b78654ebcc0b","namespace":"users","userId":"39623963","teamId":"0","lastUpdated":"2025-02-03T17:40:17.833Z"},{"partitionId":"61671623-0cd1-4cf4-bfe8-a6faa7cf366d","namespace":"scratchPad","userId":0,"teamId":0,"isDirty":false}]]
[910716][1738604482277][main][info]["userPartitionService: users global meta:",{}]
[910716][1738604482277][main][info]["Main:windowManager~newRequesterWindow: Fetch and update runtime config: us"]
[910716][1738604484012][main][info]["Main~getRemoteInitPath:: "]
[910716][1738604484056][main][info]["INTERCEPTOR CONNECTIVITY: Connecting to Interceptor Bridge"]
[910716][1738604484068][main][info]["windowManager: First requester booted successfully."]
[910716][1738604484068][main][info]["windowManager~restoreWindows: Restoring requester windows"]
[910716][1738604484068][main][info]["Main~AppEvents - Received booted event for process requester.Version 11.29.4 UI Version: 11.29.4-ui-250122-2337 Desktop Platform Version: 11.28.4"]
[910716][1738604484128][main][info]["Main~getRemoteInitPath:: "]
[910716][1738604484765][main][info]["Main~getPlatformLaunchPerfMetrics"]
[910716][1738604485407][main][info]["Main - model-events~user - (user, bootstrapUser) received"]
[910716][1738604485408][main][info]["model-events~user - bootstrapUser received"]
[910716][1738604486994][main][info]["INTERCEPTOR CONNECTIVITY: Attempting to start websocket server on port 15611"]
[910716][1738604491037][main][info]["RuntimeIPCAgent~started: Success"]
[910716][1738604684479][main][info]["WindowManager~closeHandler - Closed Window (id: 1 )"]
[910716][1738604684499][main][info]["Quitting app"]
